<?xml version="1.0" encoding="UTF-8"?>
<!-- Generated by org.testng.reporters.JUnitReportReporter -->
<testsuite skipped="0" hostname="Aruns-MacBook-Pro.local" name="com.training.sanity.tests.elearningTest" tests="1" failures="0" timestamp="2020-06-30T10:28:25 IST" time="39.936" errors="0">
  <testcase name="validRegisterTeacherTest" time="39.936" classname="com.training.sanity.tests.elearningTest"/>
  <system-out/>
</testsuite> <!-- com.training.sanity.tests.elearningTest -->
