<?xml version="1.0" encoding="UTF-8"?>
<!-- Generated by org.testng.reporters.JUnitReportReporter -->
<testsuite skipped="0" hostname="Aruns-MacBook-Pro.local" name="com.training.sanity.tests.EditProductsTests" tests="3" failures="0" timestamp="2020-07-01T10:30:39 IST" time="11.587" errors="0">
  <testcase name="loginTest" time="3.418" classname="com.training.sanity.tests.EditProductsTests"/>
  <system-out/>
  <testcase name="productFilterTest" time="2.783" classname="com.training.sanity.tests.EditProductsTests"/>
  <system-out/>
  <testcase name="editProductTest" time="5.386" classname="com.training.sanity.tests.EditProductsTests"/>
  <system-out/>
</testsuite> <!-- com.training.sanity.tests.EditProductsTests -->
