<?xml version="1.0" encoding="UTF-8"?>
<!-- Generated by org.testng.reporters.JUnitReportReporter -->
<testsuite skipped="0" hostname="Aruns-MacBook-Pro.local" name="com.training.sanity.tests.DeleteMultipleProductsTests" tests="3" failures="0" timestamp="2020-06-30T14:00:15 IST" time="8.071" errors="0">
  <testcase name="loginTest" time="3.754" classname="com.training.sanity.tests.DeleteMultipleProductsTests"/>
  <system-out/>
  <testcase name="productFilterTest" time="2.357" classname="com.training.sanity.tests.DeleteMultipleProductsTests"/>
  <system-out/>
  <testcase name="deleteFilterTest" time="1.960" classname="com.training.sanity.tests.DeleteMultipleProductsTests"/>
  <system-out/>
</testsuite> <!-- com.training.sanity.tests.DeleteMultipleProductsTests -->
