<?xml version="1.0" encoding="UTF-8"?>
<!-- Generated by org.testng.reporters.JUnitReportReporter -->
<testsuite skipped="0" hostname="Aruns-MacBook-Pro.local" name="com.training.sanity.tests.FilterOrdersTests" tests="2" failures="0" timestamp="2020-06-30T09:37:07 IST" time="8.796" errors="0">
  <testcase name="loginTest" time="2.940" classname="com.training.sanity.tests.FilterOrdersTests"/>
  <system-out/>
  <testcase name="filterOrdersTest" time="5.856" classname="com.training.sanity.tests.FilterOrdersTests"/>
  <system-out/>
</testsuite> <!-- com.training.sanity.tests.FilterOrdersTests -->
