<?xml version="1.0" encoding="UTF-8"?>
<!-- Generated by org.testng.reporters.JUnitReportReporter -->
<testsuite skipped="0" hostname="Aruns-MacBook-Pro.local" name="com.training.sanity.tests.DeleteProductsTests" tests="3" failures="0" timestamp="2020-06-29T15:10:21 IST" time="7.897" errors="0">
  <testcase name="loginTest" time="3.257" classname="com.training.sanity.tests.DeleteProductsTests"/>
  <system-out/>
  <testcase name="productFiltertest" time="2.711" classname="com.training.sanity.tests.DeleteProductsTests"/>
  <system-out/>
  <testcase name="deleteFiltertest" time="1.929" classname="com.training.sanity.tests.DeleteProductsTests"/>
  <system-out/>
</testsuite> <!-- com.training.sanity.tests.DeleteProductsTests -->
