<?xml version="1.0" encoding="UTF-8"?>
<!-- Generated by org.testng.reporters.JUnitReportReporter -->
<testsuite skipped="0" hostname="Aruns-MacBook-Pro.local" name="com.training.sanity.tests.EditProductsTests" tests="3" failures="0" timestamp="2020-07-09T13:40:57 IST" time="10.898" errors="0">
  <testcase name="loginTest" time="3.170" classname="com.training.sanity.tests.EditProductsTests"/>
  <system-out/>
  <testcase name="productFilterTest" time="2.319" classname="com.training.sanity.tests.EditProductsTests"/>
  <system-out/>
  <testcase name="editProductTest" time="5.409" classname="com.training.sanity.tests.EditProductsTests"/>
  <system-out/>
</testsuite> <!-- com.training.sanity.tests.EditProductsTests -->
