<?xml version="1.0" encoding="UTF-8"?>
<!-- Generated by org.testng.reporters.JUnitReportReporter -->
<testsuite skipped="0" hostname="Aruns-MacBook-Pro.local" name="com.training.sanity.tests.LoginTests" tests="1" failures="0" timestamp="2020-06-24T10:43:22 IST" time="28.035" errors="0">
  <testcase name="validLoginTest" time="28.035" classname="com.training.sanity.tests.LoginTests"/>
  <system-out/>
</testsuite> <!-- com.training.sanity.tests.LoginTests -->
