<?xml version="1.0" encoding="UTF-8"?>
<!-- Generated by org.testng.reporters.JUnitReportReporter -->
<testsuite skipped="0" hostname="Aruns-MacBook-Pro.local" name="com.training.sanity.tests.ProductsFilterTests" tests="2" failures="0" timestamp="2020-07-01T10:14:01 IST" time="6.665" errors="0">
  <testcase name="loginTest" time="3.774" classname="com.training.sanity.tests.ProductsFilterTests"/>
  <system-out/>
  <testcase name="productFiltertest" time="2.891" classname="com.training.sanity.tests.ProductsFilterTests"/>
  <system-out/>
</testsuite> <!-- com.training.sanity.tests.ProductsFilterTests -->
