<?xml version="1.0" encoding="UTF-8"?>
<!-- Generated by org.testng.reporters.JUnitReportReporter -->
<testsuite skipped="0" hostname="Aruns-MacBook-Pro.local" name="com.training.sanity.tests.LoginTests" tests="1" failures="0" timestamp="2020-07-06T19:37:21 IST" time="19.599" errors="0">
  <testcase name="validLoginTest" time="19.599" classname="com.training.sanity.tests.LoginTests"/>
  <system-out/>
</testsuite> <!-- com.training.sanity.tests.LoginTests -->
