<?xml version="1.0" encoding="UTF-8"?>
<!-- Generated by org.testng.reporters.JUnitReportReporter -->
<testsuite skipped="0" hostname="Aruns-MacBook-Pro.local" name="com.training.sanity.tests.ProductsFilterTests" tests="2" failures="0" timestamp="2020-06-29T11:46:33 IST" time="5.916" errors="0">
  <testcase name="loginTest" time="2.882" classname="com.training.sanity.tests.ProductsFilterTests"/>
  <system-out/>
  <testcase name="productFiltertest" time="3.034" classname="com.training.sanity.tests.ProductsFilterTests"/>
  <system-out/>
</testsuite> <!-- com.training.sanity.tests.ProductsFilterTests -->
