<?xml version="1.0" encoding="UTF-8"?>
<!-- Generated by org.testng.reporters.JUnitReportReporter -->
<testsuite skipped="0" hostname="Aruns-MacBook-Pro.local" name="com.training.sanity.tests.DeleteProductsTests" tests="3" failures="0" timestamp="2020-07-01T10:32:51 IST" time="8.921" errors="0">
  <testcase name="loginTest" time="4.303" classname="com.training.sanity.tests.DeleteProductsTests"/>
  <system-out/>
  <testcase name="productFilterTest" time="2.725" classname="com.training.sanity.tests.DeleteProductsTests"/>
  <system-out/>
  <testcase name="deleteFilterTest" time="1.893" classname="com.training.sanity.tests.DeleteProductsTests"/>
  <system-out/>
</testsuite> <!-- com.training.sanity.tests.DeleteProductsTests -->
